logo detection/logo-detection/build/intermediates/manifest_merge_blame_file/release/processReleaseMainManifest/manifest-merger-blame-release-report.txt
1<?xml version="1.0" encoding="utf-8"?>
2<manifest xmlns:android="http://schemas.android.com/apk/res/android"
3    package="org.opencv.samples.facedetect"
4    android:versionCode="301"
5    android:versionName="3.01" >
6
7    <uses-sdk
8        android:minSdkVersion="21"
9        android:targetSdkVersion="34" />
10
11    <supports-screens
11-->samples/face-detection/AndroidManifest.xml:22:5-26:51
12        android:anyDensity="true"
12-->samples/face-detection/AndroidManifest.xml:26:23-48
13        android:largeScreens="true"
13-->samples/face-detection/AndroidManifest.xml:25:23-50
14        android:normalScreens="true"
14-->samples/face-detection/AndroidManifest.xml:24:23-51
15        android:resizeable="true"
15-->samples/face-detection/AndroidManifest.xml:22:23-48
16        android:smallScreens="true" />
16-->samples/face-detection/AndroidManifest.xml:23:23-50
17
18    <uses-permission android:name="android.permission.CAMERA" />
18-->samples/face-detection/AndroidManifest.xml:28:5-64
18-->samples/face-detection/AndroidManifest.xml:28:22-62
19
20    <uses-feature
20-->samples/face-detection/AndroidManifest.xml:30:5-84
21        android:name="android.hardware.camera"
21-->samples/face-detection/AndroidManifest.xml:30:19-57
22        android:required="false" />
22-->samples/face-detection/AndroidManifest.xml:30:58-82
23    <uses-feature
23-->samples/face-detection/AndroidManifest.xml:31:5-94
24        android:name="android.hardware.camera.autofocus"
24-->samples/face-detection/AndroidManifest.xml:31:19-67
25        android:required="false" />
25-->samples/face-detection/AndroidManifest.xml:31:68-92
26    <uses-feature
26-->samples/face-detection/AndroidManifest.xml:32:5-90
27        android:name="android.hardware.camera.front"
27-->samples/face-detection/AndroidManifest.xml:32:19-63
28        android:required="false" />
28-->samples/face-detection/AndroidManifest.xml:32:64-88
29    <uses-feature
29-->samples/face-detection/AndroidManifest.xml:33:5-100
30        android:name="android.hardware.camera.front.autofocus"
30-->samples/face-detection/AndroidManifest.xml:33:19-73
31        android:required="false" />
31-->samples/face-detection/AndroidManifest.xml:33:74-98
32
33    <application
33-->samples/face-detection/AndroidManifest.xml:6:5-20:19
34        android:extractNativeLibs="true"
35        android:icon="@drawable/icon"
35-->samples/face-detection/AndroidManifest.xml:8:9-38
36        android:label="@string/app_name" >
36-->samples/face-detection/AndroidManifest.xml:7:9-41
37        <activity
37-->samples/face-detection/AndroidManifest.xml:10:9-19:20
38            android:name="org.opencv.samples.facedetect.FaceDetectActivity"
38-->samples/face-detection/AndroidManifest.xml:12:19-52
39            android:configChanges="keyboardHidden|orientation"
39-->samples/face-detection/AndroidManifest.xml:14:19-69
40            android:exported="true"
40-->samples/face-detection/AndroidManifest.xml:11:19-42
41            android:label="@string/app_name" >
41-->samples/face-detection/AndroidManifest.xml:13:19-51
42            <intent-filter>
42-->samples/face-detection/AndroidManifest.xml:15:13-18:29
43                <action android:name="android.intent.action.MAIN" />
43-->samples/face-detection/AndroidManifest.xml:16:17-69
43-->samples/face-detection/AndroidManifest.xml:16:25-66
44
45                <category android:name="android.intent.category.LAUNCHER" />
45-->samples/face-detection/AndroidManifest.xml:17:17-77
45-->samples/face-detection/AndroidManifest.xml:17:27-74
46            </intent-filter>
47        </activity>
48    </application>
49
50</manifest>